Running: C:\Xilinx\14.7\ISE_DS\ISE\bin\nt64\unwrapped\fuse.exe -intstyle ise -incremental -lib secureip -o C:/Users/Ethan/Dropbox/Engs31/Project/Project/reverb_tb_isim_beh.exe -prj C:/Users/Ethan/Dropbox/Engs31/Project/Project/reverb_tb_beh.prj work.reverb_tb 
ISim P.20131013 (signature 0x7708f090)
Number of CPUs detected in this system: 4
Turning on mult-threading, number of parallel sub-compilation jobs: 8 
Determining compilation order of HDL files
Parsing VHDL file "C:/Users/Ethan/Dropbox/Engs31/Project/Project/RegFile.vhd" into library work
Parsing VHDL file "C:/Users/Ethan/Dropbox/Engs31/Project/Project/FIFO_controller.vhd" into library work
Parsing VHDL file "C:/Users/Ethan/Dropbox/Engs31/Project/Project/FIFO.vhd" into library work
Parsing VHDL file "C:/Users/Ethan/Dropbox/Engs31/Project/Project/reverb_tb.vhd" into library work
Starting static elaboration
Completed static elaboration
Compiling package standard
Compiling package std_logic_1164
Compiling package numeric_std
Compiling architecture behavioral of entity RegFile [\RegFile(12,3)\]
Compiling architecture behavioral of entity FIFO_controller [fifo_controller_default]
Compiling architecture behavioral of entity FIFO [\FIFO(12,3)\]
Compiling architecture behavior of entity reverb_tb
Time Resolution for simulation is 1ps.
Waiting for 1 sub-compilation(s) to finish...
Compiled 10 VHDL Units
Built simulation executable C:/Users/Ethan/Dropbox/Engs31/Project/Project/reverb_tb_isim_beh.exe
Fuse Memory Usage: 35244 KB
Fuse CPU Usage: 608 ms
