Release 14.7 - ngc2edif P.20131013 (nt64)
Copyright (c) 1995-2013 Xilinx, Inc.  All rights reserved.
Reading design project_top.ngc ...
WARNING:NetListWriters:298 - No output is written to project_top.xncf, ignored.
Processing design ...
   Preping design's networks ...
   Preping design's macros ...
  finished :Prep
Writing EDIF netlist file project_top.edif ...
ngc2edif: Total memory usage is 80768 kilobytes

Release 14.7 - ngc2edif P.20131013 (nt64)
Copyright (c) 1995-2013 Xilinx, Inc.  All rights reserved.
Reading design project_top.ngc ...
WARNING:NetListWriters:298 - No output is written to project_top.xncf, ignored.
Processing design ...
   Preping design's networks ...
   Preping design's macros ...
  finished :Prep
Writing EDIF netlist file project_top.edif ...
ngc2edif: Total memory usage is 79776 kilobytes

Release 14.7 - ngc2edif P.20131013 (nt64)
Copyright (c) 1995-2013 Xilinx, Inc.  All rights reserved.
Reading design project_top.ngc ...
WARNING:NetListWriters:298 - No output is written to project_top.xncf, ignored.
Processing design ...
   Preping design's networks ...
   Preping design's macros ...
WARNING:NetListWriters:306 - Signal bus DAConverter/clk_counter2<10 : 0> on
   block project_top is not reconstructed, because there are some missing bus
   signals.
WARNING:NetListWriters:306 - Signal bus Looper_c/GND_17_o_speed[1]_mux_17_OUT<11
   : 0> on block project_top is not reconstructed, because there are some
   missing bus signals.
WARNING:NetListWriters:306 - Signal bus Looper_c/maxcnt_sample<10 : 0> on block
   project_top is not reconstructed, because there are some missing bus signals.
  finished :Prep
Writing EDIF netlist file project_top.edif ...
ngc2edif: Total memory usage is 86028 kilobytes

