#:C0     
#Xilinx FPGA Editor Command Log File
#Editor Version:
#:V   NT M2.1 P.20131013
#Current Working Directory:
#:D   C:\Users\Ethan\Dropbox\Engs31\Project\Project
#Date/Time:
#:T   Sun Aug 30 04:57:00 2015
#------------------------------
	#Reading C:\Users\Ethan\Dropbox\Engs31\Project\Project\project_top.ncd...
	#Loading device for application Rf_Device from file '6slx16.nph' in environment C:\Xilinx\14.7\ISE_DS\ISE\.
	#   "project_top" is an NCD, version 3.2, device xc6slx16, package csg324, speed -3
	#Design creation date: 2015.08.30.08.52.13
	#Building chip graphics...
	#Loading speed info...
	#1
unselect -all
	#2
select site 'SLICE_X14Y35'
	#site "SLICE_X14Y35",  type = SLICEM  (RPM grid X41Y140)
	#3
unselect -all
	#4
select rpm 'Shape_0'
	#RPM Shape_0, type CARRY
	#5
unselect -all
	#6
post attr
	#Getting available speed grades of the device...
	#7
unpost main
	#8
post attr main
	#Getting available speed grades of the device...
	#9
unpost main
