#-----------------------------------------------------------
# PlanAhead v14.7 (64-bit)
# Build 321239 by xbuild on Fri Sep 27 19:24:36 MDT 2013
# Start of session at: Mon Aug 17 21:18:31 2015
# Process ID: 13732
# Log file: /home/lota/Dropbox/Engs31/Project/Project/planAhead_run_1/planAhead.log
# Journal file: /home/lota/Dropbox/Engs31/Project/Project/planAhead_run_1/planAhead.jou
#-----------------------------------------------------------
INFO: [Common 17-78] Attempting to get a license: PlanAhead
INFO: [Common 17-290] Got license for PlanAhead
INFO: [Device 21-36] Loading parts and site information from /opt/Xilinx/14.7/ISE_DS/PlanAhead/data/parts/arch.xml
Parsing RTL primitives file [/opt/Xilinx/14.7/ISE_DS/PlanAhead/data/parts/xilinx/rtl/prims/rtl_prims.xml]
Finished parsing RTL primitives file [/opt/Xilinx/14.7/ISE_DS/PlanAhead/data/parts/xilinx/rtl/prims/rtl_prims.xml]
start_gui
source /home/lota/Dropbox/Engs31/Project/Project/pa.fromNetlist.tcl
# create_project -name Project -dir "/home/lota/Dropbox/Engs31/Project/Project/planAhead_run_1" -part xc6slx16csg324-3
INFO: [Common 17-41] Interrupt caught. Command should exit soon.
INFO: [Common 17-344] 'create_project' was cancelled
INFO: [Common 17-344] 'source' was cancelled
exit
ERROR: [#UNDEF] *** Exception: ui.h.b: Found deleted key in HTclEventBroker. Verify if the classes listed here call cleanup()
HTclEvent: SIGNAL_MODIFY   Classes: ui.views.aR 
HTclEvent: SIGNAL_BUS_MODIFY   Classes: ui.views.aR 
HTclEvent: DEBUG_CORE_CONFIG_CHANGE   Classes: ui.views.aR 
HTclEvent: DEBUG_PORT_CONFIG_CHANGE   Classes: ui.views.aR 
 (See /home/lota/Dropbox/Engs31/Project/Project/planAhead_pid13732.debug)
ERROR: [Common 17-39] 'stop_gui' failed due to earlier errors.
INFO: [Common 17-206] Exiting PlanAhead at Mon Aug 17 21:19:49 2015...
INFO: [Common 17-83] Releasing license: PlanAhead
